<?xml version="1.0" encoding="UTF-8"?>
<TestRun id="4e85cf3a-1ef9-4413-8870-645562e3fec0" name="Matthew@AMXVMBR-W8RP 2012-07-17 10:51:03" runUser="AMXVMBR-W8RP\Matthew" xmlns="http://microsoft.com/schemas/VisualStudio/TeamTest/2010">
  <TestSettings name="Local" id="fe7f11bb-f5c7-4931-a4d0-d745c2cb3bf0">
    <Description>These are default test settings for a local test run.</Description>
    <Deployment enabled="false" runDeploymentRoot="Matthew_AMXVMBR-W8RP 2012-07-17 10_51_03">
      <DeploymentItem filename="c:\code\Br.MetroStyleFriends\packages\EntityFramework.5.0.0-rc\lib\net40\EntityFramework.dll" />
      <DeploymentItem filename="c:\code\Br.MetroStyleFriends\Br.MetroStyleFriends.Web\bin\Br.MetroStyleFriends.Web.dll" />
      <DeploymentItem filename="c:\code\Br.MetroStyleFriends\packages\Microsoft.AspNet.Providers.Core.1.0\lib\net40\System.Web.Providers.dll" />
      <DeploymentItem filename="c:\code\Br.MetroStyleFriends\Br.MetroStyleFriends\bin\Debug\11.dll" />
    </Deployment>
    <Execution>
      <TestTypeSpecific />
      <AgentRule name="Execution Agents">
      </AgentRule>
    </Execution>
  </TestSettings>
  <Times creation="2012-07-17T10:51:03.0463336+01:00" queuing="2012-07-17T10:51:04.9985844+01:00" start="2012-07-17T10:51:05.0836274+01:00" finish="2012-07-17T10:51:12.6603850+01:00" />
  <ResultSummary outcome="Error">
    <Counters total="1" executed="1" error="0" failed="0" timeout="0" aborted="1" inconclusive="0" passedButRunAborted="0" notRunnable="0" notExecuted="0" disconnected="0" warning="0" passed="0" completed="0" inProgress="0" pending="0" />
    <RunInfos>
      <RunInfo computerName="AMXVMBR-W8RP" outcome="Error" timestamp="2012-07-17T10:51:12.6583682+01:00">
        <Text>Test host process exited unexpectedly.</Text>
      </RunInfo>
    </RunInfos>
  </ResultSummary>
  <TestDefinitions>
    <UnitTest name="TestCreateList" storage="c:\code\br.metrostylefriends\br.metrostylefriends.tests\bin\debug\br.metrostylefriends.tests.dll" id="551099d1-db7d-f4cc-c731-de6eb49c6ebc">
      <Execution id="863a70a2-817a-4469-abd4-cca625940d3f" />
      <TestMethod codeBase="c:/code/Br.MetroStyleFriends/Br.MetroStyleFriends.Tests/bin/Debug/Br.MetroStyleFriends.Tests.DLL" adapterTypeName="Microsoft.VisualStudio.TestTools.TestTypes.Unit.UnitTestAdapter, Microsoft.VisualStudio.QualityTools.Tips.UnitTest.Adapter, Version=10.0.0.0, Culture=neutral, PublicKeyToken=b03f5f7f11d50a3a" className="Br.MetroStyleFriends.ListTests, Br.MetroStyleFriends.Tests, Version=1.0.0.0, Culture=neutral, PublicKeyToken=null" name="TestCreateList" />
    </UnitTest>
  </TestDefinitions>
  <TestLists>
    <TestList name="Results Not in a List" id="8c84fa94-04c1-424b-9868-57a2d4851a1d" />
    <TestList name="All Loaded Results" id="19431567-8539-422a-85d7-44ee4e166bda" />
  </TestLists>
  <TestEntries>
    <TestEntry testId="551099d1-db7d-f4cc-c731-de6eb49c6ebc" executionId="863a70a2-817a-4469-abd4-cca625940d3f" testListId="8c84fa94-04c1-424b-9868-57a2d4851a1d" />
  </TestEntries>
  <Results>
    <UnitTestResult executionId="863a70a2-817a-4469-abd4-cca625940d3f" testId="551099d1-db7d-f4cc-c731-de6eb49c6ebc" testName="TestCreateList" computerName="AMXVMBR-W8RP" duration="00:00:07.4898288" startTime="2012-07-17T10:51:05.1705562+01:00" endTime="2012-07-17T10:51:12.6603850+01:00" testType="13cdc9d9-ddb5-4fa4-a97d-d965ccfc6d4b" outcome="Aborted" testListId="8c84fa94-04c1-424b-9868-57a2d4851a1d" relativeResultsDirectory="863a70a2-817a-4469-abd4-cca625940d3f">
    </UnitTestResult>
  </Results>
</TestRun>