<?xml version="1.0" encoding="UTF-8"?>
<TestRun id="3d3222c2-3975-402b-a34a-b6bd676b7c50" name="Matthew@AMXVMBR-W8RP 2012-07-17 11:43:35" runUser="AMXVMBR-W8RP\Matthew" xmlns="http://microsoft.com/schemas/VisualStudio/TeamTest/2010">
  <TestSettings name="Local" id="fe7f11bb-f5c7-4931-a4d0-d745c2cb3bf0">
    <Description>These are default test settings for a local test run.</Description>
    <Deployment enabled="false" runDeploymentRoot="Matthew_AMXVMBR-W8RP 2012-07-17 11_43_35">
      <DeploymentItem filename="c:\code\Br.MetroStyleFriends\packages\EntityFramework.5.0.0-rc\lib\net40\EntityFramework.dll" />
      <DeploymentItem filename="c:\code\Br.MetroStyleFriends\Br.MetroStyleFriends.Web\bin\Br.MetroStyleFriends.Web.dll" />
      <DeploymentItem filename="c:\code\Br.MetroStyleFriends\packages\Microsoft.AspNet.Providers.Core.1.0\lib\net40\System.Web.Providers.dll" />
      <DeploymentItem filename="c:\code\Br.MetroStyleFriends\Br.MetroStyleFriends\bin\Debug\11.dll" />
    </Deployment>
    <Execution>
      <TestTypeSpecific />
      <AgentRule name="Execution Agents">
      </AgentRule>
    </Execution>
  </TestSettings>
  <Times creation="2012-07-17T11:43:35.2447335+01:00" queuing="2012-07-17T11:43:35.5747659+01:00" start="2012-07-17T11:43:35.6198828+01:00" finish="2012-07-17T11:43:43.5386512+01:00" />
  <ResultSummary outcome="Completed">
    <Counters total="1" executed="1" passed="1" error="0" failed="0" timeout="0" aborted="0" inconclusive="0" passedButRunAborted="0" notRunnable="0" notExecuted="0" disconnected="0" warning="0" completed="0" inProgress="0" pending="0" />
  </ResultSummary>
  <TestDefinitions>
    <UnitTest name="TestSubscribeUser" storage="c:\code\br.metrostylefriends\br.metrostylefriends.tests\bin\debug\br.metrostylefriends.tests.dll" id="9fc98ce0-7a36-711d-212f-91c69205b27f">
      <Execution id="9d0836ea-98e4-4203-8f3b-16b55c4a6a2e" />
      <TestMethod codeBase="c:/code/Br.MetroStyleFriends/Br.MetroStyleFriends.Tests/bin/Debug/Br.MetroStyleFriends.Tests.DLL" adapterTypeName="Microsoft.VisualStudio.TestTools.TestTypes.Unit.UnitTestAdapter, Microsoft.VisualStudio.QualityTools.Tips.UnitTest.Adapter, Version=10.0.0.0, Culture=neutral, PublicKeyToken=b03f5f7f11d50a3a" className="Br.MetroStyleFriends.Tests.SubscriptionsTest, Br.MetroStyleFriends.Tests, Version=1.0.0.0, Culture=neutral, PublicKeyToken=null" name="TestSubscribeUser" />
    </UnitTest>
  </TestDefinitions>
  <TestLists>
    <TestList name="Results Not in a List" id="8c84fa94-04c1-424b-9868-57a2d4851a1d" />
    <TestList name="All Loaded Results" id="19431567-8539-422a-85d7-44ee4e166bda" />
  </TestLists>
  <TestEntries>
    <TestEntry testId="9fc98ce0-7a36-711d-212f-91c69205b27f" executionId="9d0836ea-98e4-4203-8f3b-16b55c4a6a2e" testListId="8c84fa94-04c1-424b-9868-57a2d4851a1d" />
  </TestEntries>
  <Results>
    <UnitTestResult executionId="9d0836ea-98e4-4203-8f3b-16b55c4a6a2e" testId="9fc98ce0-7a36-711d-212f-91c69205b27f" testName="TestSubscribeUser" computerName="AMXVMBR-W8RP" duration="00:00:06.0650500" startTime="2012-07-17T11:43:35.6407799+01:00" endTime="2012-07-17T11:43:41.9634700+01:00" testType="13cdc9d9-ddb5-4fa4-a97d-d965ccfc6d4b" outcome="Passed" testListId="8c84fa94-04c1-424b-9868-57a2d4851a1d" relativeResultsDirectory="9d0836ea-98e4-4203-8f3b-16b55c4a6a2e">
    </UnitTestResult>
  </Results>
</TestRun>