<?xml version="1.0" encoding="UTF-8"?>
<TestRun id="d66dd41b-29b6-40fc-9736-a398fd0d1e06" name="Matthew@AMXVMBR-W8RP 2012-07-17 10:34:03" runUser="AMXVMBR-W8RP\Matthew" xmlns="http://microsoft.com/schemas/VisualStudio/TeamTest/2010">
  <TestSettings name="Local" id="fe7f11bb-f5c7-4931-a4d0-d745c2cb3bf0">
    <Description>These are default test settings for a local test run.</Description>
    <Deployment enabled="false" runDeploymentRoot="Matthew_AMXVMBR-W8RP 2012-07-17 10_34_03">
      <DeploymentItem filename="c:\code\Br.MetroStyleFriends\packages\EntityFramework.5.0.0-rc\lib\net40\EntityFramework.dll" />
      <DeploymentItem filename="c:\code\Br.MetroStyleFriends\Br.MetroStyleFriends.Web\bin\Br.MetroStyleFriends.Web.dll" />
      <DeploymentItem filename="c:\code\Br.MetroStyleFriends\packages\Microsoft.AspNet.Providers.Core.1.0\lib\net40\System.Web.Providers.dll" />
      <DeploymentItem filename="c:\code\Br.MetroStyleFriends\Br.MetroStyleFriends\bin\Debug\11.dll" />
    </Deployment>
    <Execution>
      <TestTypeSpecific />
      <AgentRule name="Execution Agents">
      </AgentRule>
    </Execution>
  </TestSettings>
  <Times creation="2012-07-17T10:34:03.2995039+01:00" queuing="2012-07-17T10:34:03.3593930+01:00" start="2012-07-17T10:34:03.4155874+01:00" finish="2012-07-17T10:34:04.4497997+01:00" />
  <ResultSummary outcome="Failed">
    <Counters total="1" executed="1" error="0" failed="1" timeout="0" aborted="0" inconclusive="0" passedButRunAborted="0" notRunnable="0" notExecuted="0" disconnected="0" warning="0" passed="0" completed="0" inProgress="0" pending="0" />
  </ResultSummary>
  <TestDefinitions>
    <UnitTest name="TestSubscribeUser" storage="c:\code\br.metrostylefriends\br.metrostylefriends.tests\bin\debug\br.metrostylefriends.tests.dll" id="9fc98ce0-7a36-711d-212f-91c69205b27f">
      <Execution id="37c61b7b-a549-44de-a46a-770f6263407e" />
      <TestMethod codeBase="c:/code/Br.MetroStyleFriends/Br.MetroStyleFriends.Tests/bin/Debug/Br.MetroStyleFriends.Tests.DLL" adapterTypeName="Microsoft.VisualStudio.TestTools.TestTypes.Unit.UnitTestAdapter, Microsoft.VisualStudio.QualityTools.Tips.UnitTest.Adapter, Version=10.0.0.0, Culture=neutral, PublicKeyToken=b03f5f7f11d50a3a" className="Br.MetroStyleFriends.Tests.SubscriptionsTest, Br.MetroStyleFriends.Tests, Version=1.0.0.0, Culture=neutral, PublicKeyToken=null" name="TestSubscribeUser" />
    </UnitTest>
  </TestDefinitions>
  <TestLists>
    <TestList name="Results Not in a List" id="8c84fa94-04c1-424b-9868-57a2d4851a1d" />
    <TestList name="All Loaded Results" id="19431567-8539-422a-85d7-44ee4e166bda" />
  </TestLists>
  <TestEntries>
    <TestEntry testId="9fc98ce0-7a36-711d-212f-91c69205b27f" executionId="37c61b7b-a549-44de-a46a-770f6263407e" testListId="8c84fa94-04c1-424b-9868-57a2d4851a1d" />
  </TestEntries>
  <Results>
    <UnitTestResult executionId="37c61b7b-a549-44de-a46a-770f6263407e" testId="9fc98ce0-7a36-711d-212f-91c69205b27f" testName="TestSubscribeUser" computerName="AMXVMBR-W8RP" duration="00:00:00.7455300" startTime="2012-07-17T10:34:03.4554007+01:00" endTime="2012-07-17T10:34:04.3867798+01:00" testType="13cdc9d9-ddb5-4fa4-a97d-d965ccfc6d4b" outcome="Failed" testListId="8c84fa94-04c1-424b-9868-57a2d4851a1d" relativeResultsDirectory="37c61b7b-a549-44de-a46a-770f6263407e">
      <Output>
        <ErrorInfo>
          <Message>Test method Br.MetroStyleFriends.Tests.SubscriptionsTest.TestSubscribeUser threw exception: 
System.Data.Entity.Infrastructure.DbUpdateException: An error occurred while updating the entries. See the inner exception for details. ---&gt; System.Data.UpdateException: An error occurred while updating the entries. See the inner exception for details. ---&gt; System.Data.SqlClient.SqlException: Cannot insert the value NULL into column 'Ordinal', table 'Project-Br.MetroStyleFriends.dbo.Lists'; column does not allow nulls. INSERT fails.
The statement has been terminated.</Message>
          <StackTrace>    at System.Data.SqlClient.SqlConnection.OnError(SqlException exception, Boolean breakConnection, Action`1 wrapCloseInAction)
   at System.Data.SqlClient.SqlInternalConnection.OnError(SqlException exception, Boolean breakConnection, Action`1 wrapCloseInAction)
   at System.Data.SqlClient.TdsParser.ThrowExceptionAndWarning(TdsParserStateObject stateObj, Boolean callerHasConnectionLock, Boolean asyncClose)
   at System.Data.SqlClient.TdsParser.TryRun(RunBehavior runBehavior, SqlCommand cmdHandler, SqlDataReader dataStream, BulkCopySimpleResultSet bulkCopyHandler, TdsParserStateObject stateObj, Boolean&amp; dataReady)
   at System.Data.SqlClient.SqlDataReader.TryConsumeMetaData()
   at System.Data.SqlClient.SqlDataReader.get_MetaData()
   at System.Data.SqlClient.SqlCommand.FinishExecuteReader(SqlDataReader ds, RunBehavior runBehavior, String resetOptionsString)
   at System.Data.SqlClient.SqlCommand.RunExecuteReaderTds(CommandBehavior cmdBehavior, RunBehavior runBehavior, Boolean returnStream, Boolean async, Int32 timeout, Task&amp; task, Boolean asyncWrite)
   at System.Data.SqlClient.SqlCommand.RunExecuteReader(CommandBehavior cmdBehavior, RunBehavior runBehavior, Boolean returnStream, String method, TaskCompletionSource`1 completion, Int32 timeout, Task&amp; task, Boolean asyncWrite)
   at System.Data.SqlClient.SqlCommand.RunExecuteReader(CommandBehavior cmdBehavior, RunBehavior runBehavior, Boolean returnStream, String method)
   at System.Data.SqlClient.SqlCommand.ExecuteReader(CommandBehavior behavior, String method)
   at System.Data.SqlClient.SqlCommand.ExecuteDbDataReader(CommandBehavior behavior)
   at System.Data.Common.DbCommand.ExecuteReader(CommandBehavior behavior)
   at System.Data.Mapping.Update.Internal.DynamicUpdateCommand.Execute(UpdateTranslator translator, EntityConnection connection, Dictionary`2 identifierValues, List`1 generatedValues)
   at System.Data.Mapping.Update.Internal.UpdateTranslator.Update(IEntityStateManager stateManager, IEntityAdapter adapter)
 --- End of inner exception stack trace ---
    at System.Data.Mapping.Update.Internal.UpdateTranslator.Update(IEntityStateManager stateManager, IEntityAdapter adapter)
   at System.Data.EntityClient.EntityAdapter.Update(IEntityStateManager entityCache)
   at System.Data.Objects.ObjectContext.SaveChanges(SaveOptions options)
   at System.Data.Entity.Internal.InternalContext.SaveChanges()
 --- End of inner exception stack trace ---
    at System.Data.Entity.Internal.InternalContext.SaveChanges()
   at System.Data.Entity.Internal.LazyInternalContext.SaveChanges()
   at System.Data.Entity.DbContext.SaveChanges()
   at Br.MetroStyleFriends.Tests.SubscriptionsTest.TestSubscribeUser() in c:\code\Br.MetroStyleFriends\Br.MetroStyleFriends.Tests\SubscriptionsTest.cs:line 26
</StackTrace>
        </ErrorInfo>
      </Output>
    </UnitTestResult>
  </Results>
</TestRun>